TN:
SF:../01-requestcount.js
FN:14,counter
FNF:1
FNH:1
FNDA:12,counter
DA:1,1
DA:2,1
DA:3,1
DA:4,1
DA:5,1
DA:6,1
DA:7,1
DA:8,1
DA:9,1
DA:10,1
DA:11,1
DA:12,1
DA:13,1
DA:14,1
DA:15,12
DA:16,12
DA:17,12
DA:18,1
DA:19,1
DA:20,1
DA:21,1
DA:22,10
DA:23,1
DA:24,1
DA:25,1
DA:26,0
DA:27,1
DA:28,1
DA:29,1
DA:30,2
DA:31,1
DA:32,1
DA:33,1
DA:34,0
DA:35,1
DA:36,1
DA:37,1
DA:38,1
DA:39,1
DA:40,1
DA:41,1
LF:41
LH:39
BRDA:14,0,0,12
BRDA:21,1,0,10
BRDA:29,2,0,2
BRF:3
BRH:3
end_of_record
TN:
SF:../02-ratelimitter.js
FN:19,funk
FNF:1
FNH:1
FNDA:13,funk
DA:1,1
DA:2,1
DA:3,1
DA:4,1
DA:5,1
DA:6,1
DA:7,1
DA:8,1
DA:9,1
DA:10,1
DA:11,1
DA:12,1
DA:13,1
DA:14,1
DA:15,1
DA:16,2
DA:17,1
DA:18,1
DA:19,1
DA:20,13
DA:21,13
DA:22,11
DA:23,7
DA:24,11
DA:25,4
DA:26,4
DA:27,13
DA:28,13
DA:29,13
DA:30,1
DA:31,1
DA:32,1
DA:33,1
DA:34,13
DA:35,1
DA:36,1
DA:37,1
DA:38,0
DA:39,1
DA:40,1
DA:41,1
DA:42,0
DA:43,1
DA:44,1
DA:45,1
DA:46,1
DA:47,1
LF:47
LH:45
BRDA:15,0,0,2
BRDA:19,1,0,13
BRDA:21,2,0,11
BRDA:22,3,0,7
BRDA:24,4,0,4
BRDA:27,5,0,2
BRDA:33,6,0,13
BRF:7
BRH:7
end_of_record
TN:
SF:../03-errorcount.js
FNF:0
FNH:0
DA:1,1
DA:2,1
DA:3,1
DA:4,1
DA:5,1
DA:6,1
DA:7,1
DA:8,1
DA:9,1
DA:10,1
DA:11,1
DA:12,1
DA:13,1
DA:14,1
DA:15,1
DA:16,1
DA:17,1
DA:18,1
DA:19,1
DA:20,1
DA:21,11
DA:22,0
DA:23,1
DA:24,1
DA:25,1
DA:26,0
DA:27,1
DA:28,1
DA:29,1
DA:30,2
DA:31,1
DA:32,1
DA:33,1
DA:34,11
DA:35,11
DA:36,1
DA:37,1
DA:38,1
DA:39,1
DA:40,1
LF:40
LH:38
BRDA:20,0,0,11
BRDA:21,1,0,0
BRDA:29,2,0,2
BRDA:33,3,0,11
BRF:4
BRH:3
end_of_record
